<?xml version="1.0" encoding="UTF-8"?>
<testng-results skipped="0" failed="1" ignored="0" total="2" passed="1">
  <reporter-output>
    <line>
      <![CDATA[t1 starts]]>
    </line>
    <line>
      <![CDATA[t1 ends]]>
    </line>
    <line>
      <![CDATA[t2 starts]]>
    </line>
    <line>
      <![CDATA[t2 ends]]>
    </line>
  </reporter-output>
  <suite name="Default suite" duration-ms="4177" started-at="2020-03-01T13:06:32 IST" finished-at="2020-03-01T13:06:36 IST">
    <groups>
    </groups>
    <test name="Default test" duration-ms="4177" started-at="2020-03-01T13:06:32 IST" finished-at="2020-03-01T13:06:36 IST">
      <class name="testng1.P2">
        <test-method status="FAIL" signature="t1()[pri:0, instance:testng1.P2@7b49cea0]" name="t1" duration-ms="4098" started-at="2020-03-01T13:06:32 IST" finished-at="2020-03-01T13:06:36 IST">
          <exception class="java.lang.AssertionError">
            <message>
              <![CDATA[The following asserts failed:
expected [boooogle] but found [Google]]]>
            </message>
            <full-stacktrace>
              <![CDATA[java.lang.AssertionError: The following asserts failed:
expected [boooogle] but found [Google]
at org.testng.asserts.SoftAssert.assertAll(SoftAssert.java:47)
at org.testng.asserts.SoftAssert.assertAll(SoftAssert.java:31)
at testng1.P2.t1(P2.java:25)
at sun.reflect.NativeMethodAccessorImpl.invoke0(Native Method)
at sun.reflect.NativeMethodAccessorImpl.invoke(Unknown Source)
at sun.reflect.DelegatingMethodAccessorImpl.invoke(Unknown Source)
at java.lang.reflect.Method.invoke(Unknown Source)
at org.testng.internal.MethodInvocationHelper.invokeMethod(MethodInvocationHelper.java:133)
at org.testng.internal.TestInvoker.invokeMethod(TestInvoker.java:584)
at org.testng.internal.TestInvoker.invokeTestMethod(TestInvoker.java:172)
at org.testng.internal.MethodRunner.runInSequence(MethodRunner.java:46)
at org.testng.internal.TestInvoker$MethodInvocationAgent.invoke(TestInvoker.java:804)
at org.testng.internal.TestInvoker.invokeTestMethods(TestInvoker.java:145)
at org.testng.internal.TestMethodWorker.invokeTestMethods(TestMethodWorker.java:146)
at org.testng.internal.TestMethodWorker.run(TestMethodWorker.java:128)
at java.util.ArrayList.forEach(Unknown Source)
at org.testng.TestRunner.privateRun(TestRunner.java:770)
at org.testng.TestRunner.run(TestRunner.java:591)
at org.testng.SuiteRunner.runTest(SuiteRunner.java:402)
at org.testng.SuiteRunner.runSequentially(SuiteRunner.java:396)
at org.testng.SuiteRunner.privateRun(SuiteRunner.java:355)
at org.testng.SuiteRunner.run(SuiteRunner.java:304)
at org.testng.SuiteRunnerWorker.runSuite(SuiteRunnerWorker.java:53)
at org.testng.SuiteRunnerWorker.run(SuiteRunnerWorker.java:96)
at org.testng.TestNG.runSuitesSequentially(TestNG.java:1180)
at org.testng.TestNG.runSuitesLocally(TestNG.java:1102)
at org.testng.TestNG.runSuites(TestNG.java:1032)
at org.testng.TestNG.run(TestNG.java:1000)
at org.testng.remote.AbstractRemoteTestNG.run(AbstractRemoteTestNG.java:115)
at org.testng.remote.RemoteTestNG.initAndRun(RemoteTestNG.java:251)
at org.testng.remote.RemoteTestNG.main(RemoteTestNG.java:77)
]]>
            </full-stacktrace>
          </exception> <!-- java.lang.AssertionError -->
          <reporter-output>
            <line>
              <![CDATA[t1 starts]]>
            </line>
            <line>
              <![CDATA[t1 ends]]>
            </line>
          </reporter-output>
        </test-method> <!-- t1 -->
        <test-method status="PASS" signature="t2()[pri:0, instance:testng1.P2@7b49cea0]" name="t2" duration-ms="7" started-at="2020-03-01T13:06:36 IST" finished-at="2020-03-01T13:06:36 IST">
          <reporter-output>
            <line>
              <![CDATA[t2 starts]]>
            </line>
            <line>
              <![CDATA[t2 ends]]>
            </line>
          </reporter-output>
        </test-method> <!-- t2 -->
      </class> <!-- testng1.P2 -->
    </test> <!-- Default test -->
  </suite> <!-- Default suite -->
</testng-results>
